<?xml version="1.0" encoding="UTF-8"?>
<testng-results ignored="0" total="1" passed="1" failed="0" skipped="0">
  <reporter-output>
  </reporter-output>
  <suite started-at="2023-04-29T07:01:33 IST" name="Suite" finished-at="2023-04-29T07:01:38 IST" duration-ms="4629">
    <groups>
      <group name="Master">
        <method signature="TC_001_AccountRegistrationTest.test_Account_Registration()[pri:0, instance:testCases.TC_001_AccountRegistrationTest@18271936]" name="test_Account_Registration" class="testCases.TC_001_AccountRegistrationTest"/>
      </group> <!-- Master -->
      <group name="Regression">
        <method signature="TC_001_AccountRegistrationTest.test_Account_Registration()[pri:0, instance:testCases.TC_001_AccountRegistrationTest@18271936]" name="test_Account_Registration" class="testCases.TC_001_AccountRegistrationTest"/>
      </group> <!-- Regression -->
    </groups>
    <test started-at="2023-04-29T07:01:33 IST" name="OpenCartTest" finished-at="2023-04-29T07:01:38 IST" duration-ms="4629">
      <class name="testCases.TC_001_AccountRegistrationTest">
        <test-method is-config="true" signature="setup(java.lang.String)[pri:0, instance:testCases.TC_001_AccountRegistrationTest@18271936]" started-at="2023-04-29T07:01:33 IST" name="setup" finished-at="2023-04-29T07:01:36 IST" duration-ms="2831" status="PASS">
          <params>
            <param index="0">
              <value>
                <![CDATA[chrome]]>
              </value>
            </param>
          </params>
          <reporter-output>
          </reporter-output>
        </test-method> <!-- setup -->
        <test-method signature="test_Account_Registration()[pri:0, instance:testCases.TC_001_AccountRegistrationTest@18271936]" started-at="2023-04-29T07:01:36 IST" name="test_Account_Registration" finished-at="2023-04-29T07:01:37 IST" duration-ms="1401" status="PASS">
          <reporter-output>
          </reporter-output>
        </test-method> <!-- test_Account_Registration -->
        <test-method is-config="true" signature="tearDown()[pri:0, instance:testCases.TC_001_AccountRegistrationTest@18271936]" started-at="2023-04-29T07:01:37 IST" name="tearDown" finished-at="2023-04-29T07:01:38 IST" duration-ms="173" status="PASS">
          <reporter-output>
          </reporter-output>
        </test-method> <!-- tearDown -->
      </class> <!-- testCases.TC_001_AccountRegistrationTest -->
    </test> <!-- OpenCartTest -->
  </suite> <!-- Suite -->
</testng-results>
